<?xml version="1.0" encoding="UTF-8"?>
<Site BuildName="(empty)"
	BuildStamp="20250111-1935-Experimental"
	Name="(empty)"
	Generator="ctest-3.30.4"
	CompilerName=""
	CompilerVersion=""
	OSName="Windows"
	Hostname="Sanyam"
	OSRelease=" Personal"
	OSVersion=" (Build 9200)"
	OSPlatform="AMD64"
	Is64Bits="1"
	VendorString=""
	VendorID="Unknown Manufacturer"
	FamilyID="0"
	ModelID="0"
	ProcessorCacheSize="0"
	NumberOfLogicalCPU="12"
	NumberOfPhysicalCPU="10"
	TotalVirtualMemory="15912"
	TotalPhysicalMemory="7886"
	LogicalProcessorsPerPhysical="1"
	ProcessorClockFrequency="1997"
	>
	<Testing>
		<StartDateTime>Jan 12 01:08 India Standard Time</StartDateTime>
		<StartTestTime>1736624283</StartTestTime>
		<TestList/>
		<EndDateTime>Jan 12 01:08 India Standard Time</EndDateTime>
		<EndTestTime>1736624283</EndTestTime>
		<ElapsedMinutes>0</ElapsedMinutes>
	</Testing>
</Site>
